<html>
<head>
<title>TestNG:  Surefire test</title>
<link href="../testng.css" rel="stylesheet" type="text/css" />
<link href="../my-testng.css" rel="stylesheet" type="text/css" />

<style type="text/css">
.log { display: none;} 
.stack-trace { display: none;} 
</style>
<script type="text/javascript">
<!--
function flip(e) {
  current = e.style.display;
  if (current == 'block') {
    e.style.display = 'none';
    return 0;
  }
  else {
    e.style.display = 'block';
    return 1;
  }
}

function toggleBox(szDivId, elem, msg1, msg2)
{
  var res = -1;  if (document.getElementById) {
    res = flip(document.getElementById(szDivId));
  }
  else if (document.all) {
    // this is the way old msie versions work
    res = flip(document.all[szDivId]);
  }
  if(elem) {
    if(res == 0) elem.innerHTML = msg1; else elem.innerHTML = msg2;
  }

}

function toggleAllBoxes() {
  if (document.getElementsByTagName) {
    d = document.getElementsByTagName('div');
    for (i = 0; i < d.length; i++) {
      if (d[i].className == 'log') {
        flip(d[i]);
      }
    }
  }
}

// -->
</script>

</head>
<body>
<h2 align='center'>Surefire test</h2><table border='1' align="center">
<tr>
<td>Tests passed/Failed/Skipped:</td><td>51/12/0</td>
</tr><tr>
<td>Started on:</td><td>Wed Oct 12 21:28:06 EDT 2016</td>
</tr>
<tr><td>Total time:</td><td>15 seconds (15103 ms)</td>
</tr><tr>
<td>Included groups:</td><td></td>
</tr><tr>
<td>Excluded groups:</td><td></td>
</tr>
</table><p/>
<small><i>(Hover the method name to see the test class name)</i></small><p/>
<table width='100%' border='1' class='invocation-failed'>
<tr><td colspan='4' align='center'><b>FAILED TESTS</b></td></tr>
<tr><td><b>Test method</b></td>
<td width="30%"><b>Exception</b></td>
<td width="10%"><b>Time (seconds)</b></td>
<td><b>Instance</b></td>
</tr>
<tr>
<td title='xcal.cs.math.UnionTest.performanceTest()'><b>performanceTest</b><br>Test class: xcal.cs.math.UnionTest</td>
<td><div><pre>org.testng.internal.thread.ThreadTimeoutException: Method org.testng.internal.TestNGMethod.performanceTest() didn&apos;t finish within the time-out 10000
	at java.util.AbstractCollection.toString(AbstractCollection.java:464)
	at org.slf4j.helpers.MessageFormatter.safeObjectAppend(MessageFormatter.java:299)
	at org.slf4j.helpers.MessageFormatter.deeplyAppendParameter(MessageFormatter.java:271)
	at org.slf4j.helpers.MessageFormatter.arrayFormat(MessageFormatter.java:233)
	at org.slf4j.helpers.MessageFormatter.arrayFormat(MessageFormatter.java:173)
	at ch.qos.logback.classic.spi.LoggingEvent.getFormattedMessage(LoggingEvent.java:293)
	at ch.qos.logback.classic.spi.LoggingEvent.prepareForDeferredProcessing(LoggingEvent.java:206)
	at ch.qos.logback.core.OutputStreamAppender.subAppend(OutputStreamAppender.java:205)
	at ch.qos.logback.core.OutputStreamAppender.append(OutputStreamAppender.java:100)
	at ch.qos.logback.core.UnsynchronizedAppenderBase.doAppend(UnsynchronizedAppenderBase.java:84)
	at ch.qos.logback.core.spi.AppenderAttachableImpl.appendLoopOnAppenders(AppenderAttachableImpl.java:48)
	at ch.qos.logback.classic.Logger.appendLoopOnAppenders(Logger.java:270)
	at ch.qos.logback.classic.Logger.callAppenders(Logger.java:257)
	at ch.qos.logback.classic.Logger.buildLoggingEventAndAppend(Logger.java:421)
	at ch.qos.logback.classic.Logger.filterAndLog_0_Or3Plus(Logger.java:383)
	at ch.qos.logback.classic.Logger.info(Logger.java:591)
	at xcal.cs.math.MathController.union(MathController.java:102)
	at org.springframework.web.method.support.InvocableHandlerMethod.doInvoke(InvocableHandlerMethod.java:221)
	at org.springframework.web.method.support.InvocableHandlerMethod.invokeForRequest(InvocableHandlerMethod.java:136)
	at org.springframework.web.servlet.mvc.method.annotation.ServletInvocableHandlerMethod.invokeAndHandle(ServletInvocableHandlerMethod.java:114)
	at org.springframework.web.servlet.mvc.method.annotation.RequestMappingHandlerAdapter.invokeHandlerMethod(RequestMappingHandlerAdapter.java:827)
	at org.springframework.web.servlet.mvc.method.annotation.RequestMappingHandlerAdapter.handleInternal(RequestMappingHandlerAdapter.java:738)
	at org.springframework.web.servlet.mvc.method.AbstractHandlerMethodAdapter.handle(AbstractHandlerMethodAdapter.java:85)
	at org.springframework.web.servlet.DispatcherServlet.doDispatch(DispatcherServlet.java:963)
	at org.springframework.web.servlet.DispatcherServlet.doService(DispatcherServlet.java:897)
	at org.springframework.web.servlet.FrameworkServlet.processRequest(FrameworkServlet.java:970)
	at org.springframework.web.servlet.FrameworkServlet.doPost(FrameworkServlet.java:872)
	at javax.servlet.http.HttpServlet.service(HttpServlet.java:688)
	at org.springframework.web.servlet.FrameworkServlet.service(FrameworkServlet.java:846)
	at org.springframework.test.web.servlet.TestDispatcherServlet.service(TestDispatcherServlet.java:65)
	at javax.servlet.http.HttpServlet.service(HttpServlet.java:770)
	at org.springframework.mock.web.MockFilterChain$ServletFilterProxy.doFilter(MockFilterChain.java:167)
	at org.springframework.mock.web.MockFilterChain.doFilter(MockFilterChain.java:134)
	at org.springframework.test.web.servlet.MockMvc.perform(MockMvc.java:155)
	at org.springframework.test.web.client.MockMvcClientHttpRequestFactory$1.executeInternal(MockMvcClientHttpRequestFactory.java:67)
	at org.springframework.mock.http.client.MockClientHttpRequest.execute(MockClientHttpRequest.java:93)
	at org.springframework.web.client.RestTemplate.doExecute(RestTemplate.java:619)
	at org.springframework.web.client.RestTemplate.execute(RestTemplate.java:580)
	at org.springframework.web.client.RestTemplate.postForEntity(RestTemplate.java:407)
	at xcal.cs.math.UnionTest.performanceTest(UnionTest.java:78)
	at java.util.concurrent.Executors$RunnableAdapter.call(Executors.java:511)
	at java.util.concurrent.FutureTask.run(FutureTask.java:266)
	at java.util.concurrent.ThreadPoolExecutor.runWorker(ThreadPoolExecutor.java:1142)
	at java.util.concurrent.ThreadPoolExecutor$Worker.run(ThreadPoolExecutor.java:617)
	at java.lang.Thread.run(Thread.java:745)
... Removed 11 stack frames</pre></div><a href='#' onClick='toggleBox("stack-trace519019247", this, "Click to show all stack frames", "Click to hide stack frames")'>Click to show all stack frames</a>
<div class='stack-trace' id='stack-trace519019247'><pre>org.testng.internal.thread.ThreadTimeoutException: Method org.testng.internal.TestNGMethod.performanceTest() didn&apos;t finish within the time-out 10000
	at java.util.AbstractCollection.toString(AbstractCollection.java:464)
	at org.slf4j.helpers.MessageFormatter.safeObjectAppend(MessageFormatter.java:299)
	at org.slf4j.helpers.MessageFormatter.deeplyAppendParameter(MessageFormatter.java:271)
	at org.slf4j.helpers.MessageFormatter.arrayFormat(MessageFormatter.java:233)
	at org.slf4j.helpers.MessageFormatter.arrayFormat(MessageFormatter.java:173)
	at ch.qos.logback.classic.spi.LoggingEvent.getFormattedMessage(LoggingEvent.java:293)
	at ch.qos.logback.classic.spi.LoggingEvent.prepareForDeferredProcessing(LoggingEvent.java:206)
	at ch.qos.logback.core.OutputStreamAppender.subAppend(OutputStreamAppender.java:205)
	at ch.qos.logback.core.OutputStreamAppender.append(OutputStreamAppender.java:100)
	at ch.qos.logback.core.UnsynchronizedAppenderBase.doAppend(UnsynchronizedAppenderBase.java:84)
	at ch.qos.logback.core.spi.AppenderAttachableImpl.appendLoopOnAppenders(AppenderAttachableImpl.java:48)
	at ch.qos.logback.classic.Logger.appendLoopOnAppenders(Logger.java:270)
	at ch.qos.logback.classic.Logger.callAppenders(Logger.java:257)
	at ch.qos.logback.classic.Logger.buildLoggingEventAndAppend(Logger.java:421)
	at ch.qos.logback.classic.Logger.filterAndLog_0_Or3Plus(Logger.java:383)
	at ch.qos.logback.classic.Logger.info(Logger.java:591)
	at xcal.cs.math.MathController.union(MathController.java:102)
	at sun.reflect.NativeMethodAccessorImpl.invoke0(Native Method)
	at sun.reflect.NativeMethodAccessorImpl.invoke(NativeMethodAccessorImpl.java:62)
	at sun.reflect.DelegatingMethodAccessorImpl.invoke(DelegatingMethodAccessorImpl.java:43)
	at java.lang.reflect.Method.invoke(Method.java:498)
	at org.springframework.web.method.support.InvocableHandlerMethod.doInvoke(InvocableHandlerMethod.java:221)
	at org.springframework.web.method.support.InvocableHandlerMethod.invokeForRequest(InvocableHandlerMethod.java:136)
	at org.springframework.web.servlet.mvc.method.annotation.ServletInvocableHandlerMethod.invokeAndHandle(ServletInvocableHandlerMethod.java:114)
	at org.springframework.web.servlet.mvc.method.annotation.RequestMappingHandlerAdapter.invokeHandlerMethod(RequestMappingHandlerAdapter.java:827)
	at org.springframework.web.servlet.mvc.method.annotation.RequestMappingHandlerAdapter.handleInternal(RequestMappingHandlerAdapter.java:738)
	at org.springframework.web.servlet.mvc.method.AbstractHandlerMethodAdapter.handle(AbstractHandlerMethodAdapter.java:85)
	at org.springframework.web.servlet.DispatcherServlet.doDispatch(DispatcherServlet.java:963)
	at org.springframework.web.servlet.DispatcherServlet.doService(DispatcherServlet.java:897)
	at org.springframework.web.servlet.FrameworkServlet.processRequest(FrameworkServlet.java:970)
	at org.springframework.web.servlet.FrameworkServlet.doPost(FrameworkServlet.java:872)
	at javax.servlet.http.HttpServlet.service(HttpServlet.java:688)
	at org.springframework.web.servlet.FrameworkServlet.service(FrameworkServlet.java:846)
	at org.springframework.test.web.servlet.TestDispatcherServlet.service(TestDispatcherServlet.java:65)
	at javax.servlet.http.HttpServlet.service(HttpServlet.java:770)
	at org.springframework.mock.web.MockFilterChain$ServletFilterProxy.doFilter(MockFilterChain.java:167)
	at org.springframework.mock.web.MockFilterChain.doFilter(MockFilterChain.java:134)
	at org.springframework.test.web.servlet.MockMvc.perform(MockMvc.java:155)
	at org.springframework.test.web.client.MockMvcClientHttpRequestFactory$1.executeInternal(MockMvcClientHttpRequestFactory.java:67)
	at org.springframework.mock.http.client.MockClientHttpRequest.execute(MockClientHttpRequest.java:93)
	at org.springframework.web.client.RestTemplate.doExecute(RestTemplate.java:619)
	at org.springframework.web.client.RestTemplate.execute(RestTemplate.java:580)
	at org.springframework.web.client.RestTemplate.postForEntity(RestTemplate.java:407)
	at xcal.cs.math.UnionTest.performanceTest(UnionTest.java:78)
	at sun.reflect.NativeMethodAccessorImpl.invoke0(Native Method)
	at sun.reflect.NativeMethodAccessorImpl.invoke(NativeMethodAccessorImpl.java:62)
	at sun.reflect.DelegatingMethodAccessorImpl.invoke(DelegatingMethodAccessorImpl.java:43)
	at java.lang.reflect.Method.invoke(Method.java:498)
	at org.testng.internal.MethodInvocationHelper.invokeMethod(MethodInvocationHelper.java:86)
	at org.testng.internal.InvokeMethodRunnable.runOne(InvokeMethodRunnable.java:54)
	at org.testng.internal.InvokeMethodRunnable.run(InvokeMethodRunnable.java:44)
	at java.util.concurrent.Executors$RunnableAdapter.call(Executors.java:511)
	at java.util.concurrent.FutureTask.run(FutureTask.java:266)
	at java.util.concurrent.ThreadPoolExecutor.runWorker(ThreadPoolExecutor.java:1142)
	at java.util.concurrent.ThreadPoolExecutor$Worker.run(ThreadPoolExecutor.java:617)
	at java.lang.Thread.run(Thread.java:745)
</pre></div></td>
<td>10</td>
<td>xcal.cs.math.UnionTest@1951b871</td></tr>
<tr>
<td title='xcal.cs.math.AdditionTest.testOverflow()'><b>testOverflow</b><br>Test class: xcal.cs.math.AdditionTest<br>Parameters: 1, 2147483647</td>
<td><div><pre>java.lang.AssertionError: Expected exception not thrown
	at xcal.cs.math.AdditionTest.testOverflow(AdditionTest.java:46)
... Removed 29 stack frames</pre></div><a href='#' onClick='toggleBox("stack-trace1624211687", this, "Click to show all stack frames", "Click to hide stack frames")'>Click to show all stack frames</a>
<div class='stack-trace' id='stack-trace1624211687'><pre>java.lang.AssertionError: Expected exception not thrown
	at org.testng.Assert.fail(Assert.java:94)
	at xcal.cs.math.AdditionTest.testOverflow(AdditionTest.java:46)
	at sun.reflect.NativeMethodAccessorImpl.invoke0(Native Method)
	at sun.reflect.NativeMethodAccessorImpl.invoke(NativeMethodAccessorImpl.java:62)
	at sun.reflect.DelegatingMethodAccessorImpl.invoke(DelegatingMethodAccessorImpl.java:43)
	at java.lang.reflect.Method.invoke(Method.java:498)
	at org.testng.internal.MethodInvocationHelper.invokeMethod(MethodInvocationHelper.java:86)
	at org.testng.internal.Invoker.invokeMethod(Invoker.java:643)
	at org.testng.internal.Invoker.invokeTestMethod(Invoker.java:820)
	at org.testng.internal.Invoker.invokeTestMethods(Invoker.java:1128)
	at org.testng.internal.TestMethodWorker.invokeTestMethods(TestMethodWorker.java:129)
	at org.testng.internal.TestMethodWorker.run(TestMethodWorker.java:112)
	at org.testng.TestRunner.privateRun(TestRunner.java:782)
	at org.testng.TestRunner.run(TestRunner.java:632)
	at org.testng.SuiteRunner.runTest(SuiteRunner.java:366)
	at org.testng.SuiteRunner.runSequentially(SuiteRunner.java:361)
	at org.testng.SuiteRunner.privateRun(SuiteRunner.java:319)
	at org.testng.SuiteRunner.run(SuiteRunner.java:268)
	at org.testng.SuiteRunnerWorker.runSuite(SuiteRunnerWorker.java:52)
	at org.testng.SuiteRunnerWorker.run(SuiteRunnerWorker.java:86)
	at org.testng.TestNG.runSuitesSequentially(TestNG.java:1244)
	at org.testng.TestNG.runSuitesLocally(TestNG.java:1169)
	at org.testng.TestNG.run(TestNG.java:1064)
	at org.apache.maven.surefire.testng.TestNGExecutor.run(TestNGExecutor.java:132)
	at org.apache.maven.surefire.testng.TestNGDirectoryTestSuite.executeMulti(TestNGDirectoryTestSuite.java:224)
	at org.apache.maven.surefire.testng.TestNGDirectoryTestSuite.execute(TestNGDirectoryTestSuite.java:113)
	at org.apache.maven.surefire.testng.TestNGProvider.invoke(TestNGProvider.java:146)
	at org.apache.maven.surefire.booter.ForkedBooter.invokeProviderInSameClassLoader(ForkedBooter.java:286)
	at org.apache.maven.surefire.booter.ForkedBooter.runSuitesInProcess(ForkedBooter.java:240)
	at org.apache.maven.surefire.booter.ForkedBooter.main(ForkedBooter.java:121)
</pre></div></td>
<td>0</td>
<td>xcal.cs.math.AdditionTest@7096b474</td></tr>
<tr>
<td title='xcal.cs.math.AdditionTest.testOverflow()'><b>testOverflow</b><br>Test class: xcal.cs.math.AdditionTest<br>Parameters: -1, -2147483648</td>
<td><div><pre>java.lang.AssertionError: Expected exception not thrown
	at xcal.cs.math.AdditionTest.testOverflow(AdditionTest.java:46)
... Removed 29 stack frames</pre></div><a href='#' onClick='toggleBox("stack-trace1260487756", this, "Click to show all stack frames", "Click to hide stack frames")'>Click to show all stack frames</a>
<div class='stack-trace' id='stack-trace1260487756'><pre>java.lang.AssertionError: Expected exception not thrown
	at org.testng.Assert.fail(Assert.java:94)
	at xcal.cs.math.AdditionTest.testOverflow(AdditionTest.java:46)
	at sun.reflect.NativeMethodAccessorImpl.invoke0(Native Method)
	at sun.reflect.NativeMethodAccessorImpl.invoke(NativeMethodAccessorImpl.java:62)
	at sun.reflect.DelegatingMethodAccessorImpl.invoke(DelegatingMethodAccessorImpl.java:43)
	at java.lang.reflect.Method.invoke(Method.java:498)
	at org.testng.internal.MethodInvocationHelper.invokeMethod(MethodInvocationHelper.java:86)
	at org.testng.internal.Invoker.invokeMethod(Invoker.java:643)
	at org.testng.internal.Invoker.invokeTestMethod(Invoker.java:820)
	at org.testng.internal.Invoker.invokeTestMethods(Invoker.java:1128)
	at org.testng.internal.TestMethodWorker.invokeTestMethods(TestMethodWorker.java:129)
	at org.testng.internal.TestMethodWorker.run(TestMethodWorker.java:112)
	at org.testng.TestRunner.privateRun(TestRunner.java:782)
	at org.testng.TestRunner.run(TestRunner.java:632)
	at org.testng.SuiteRunner.runTest(SuiteRunner.java:366)
	at org.testng.SuiteRunner.runSequentially(SuiteRunner.java:361)
	at org.testng.SuiteRunner.privateRun(SuiteRunner.java:319)
	at org.testng.SuiteRunner.run(SuiteRunner.java:268)
	at org.testng.SuiteRunnerWorker.runSuite(SuiteRunnerWorker.java:52)
	at org.testng.SuiteRunnerWorker.run(SuiteRunnerWorker.java:86)
	at org.testng.TestNG.runSuitesSequentially(TestNG.java:1244)
	at org.testng.TestNG.runSuitesLocally(TestNG.java:1169)
	at org.testng.TestNG.run(TestNG.java:1064)
	at org.apache.maven.surefire.testng.TestNGExecutor.run(TestNGExecutor.java:132)
	at org.apache.maven.surefire.testng.TestNGDirectoryTestSuite.executeMulti(TestNGDirectoryTestSuite.java:224)
	at org.apache.maven.surefire.testng.TestNGDirectoryTestSuite.execute(TestNGDirectoryTestSuite.java:113)
	at org.apache.maven.surefire.testng.TestNGProvider.invoke(TestNGProvider.java:146)
	at org.apache.maven.surefire.booter.ForkedBooter.invokeProviderInSameClassLoader(ForkedBooter.java:286)
	at org.apache.maven.surefire.booter.ForkedBooter.runSuitesInProcess(ForkedBooter.java:240)
	at org.apache.maven.surefire.booter.ForkedBooter.main(ForkedBooter.java:121)
</pre></div></td>
<td>0</td>
<td>xcal.cs.math.AdditionTest@7096b474</td></tr>
<tr>
<td title='xcal.cs.math.AdditionTest.testOverflow()'><b>testOverflow</b><br>Test class: xcal.cs.math.AdditionTest<br>Parameters: 10, 2147483647</td>
<td><div><pre>java.lang.AssertionError: Expected exception not thrown
	at xcal.cs.math.AdditionTest.testOverflow(AdditionTest.java:46)
... Removed 29 stack frames</pre></div><a href='#' onClick='toggleBox("stack-trace328197868", this, "Click to show all stack frames", "Click to hide stack frames")'>Click to show all stack frames</a>
<div class='stack-trace' id='stack-trace328197868'><pre>java.lang.AssertionError: Expected exception not thrown
	at org.testng.Assert.fail(Assert.java:94)
	at xcal.cs.math.AdditionTest.testOverflow(AdditionTest.java:46)
	at sun.reflect.NativeMethodAccessorImpl.invoke0(Native Method)
	at sun.reflect.NativeMethodAccessorImpl.invoke(NativeMethodAccessorImpl.java:62)
	at sun.reflect.DelegatingMethodAccessorImpl.invoke(DelegatingMethodAccessorImpl.java:43)
	at java.lang.reflect.Method.invoke(Method.java:498)
	at org.testng.internal.MethodInvocationHelper.invokeMethod(MethodInvocationHelper.java:86)
	at org.testng.internal.Invoker.invokeMethod(Invoker.java:643)
	at org.testng.internal.Invoker.invokeTestMethod(Invoker.java:820)
	at org.testng.internal.Invoker.invokeTestMethods(Invoker.java:1128)
	at org.testng.internal.TestMethodWorker.invokeTestMethods(TestMethodWorker.java:129)
	at org.testng.internal.TestMethodWorker.run(TestMethodWorker.java:112)
	at org.testng.TestRunner.privateRun(TestRunner.java:782)
	at org.testng.TestRunner.run(TestRunner.java:632)
	at org.testng.SuiteRunner.runTest(SuiteRunner.java:366)
	at org.testng.SuiteRunner.runSequentially(SuiteRunner.java:361)
	at org.testng.SuiteRunner.privateRun(SuiteRunner.java:319)
	at org.testng.SuiteRunner.run(SuiteRunner.java:268)
	at org.testng.SuiteRunnerWorker.runSuite(SuiteRunnerWorker.java:52)
	at org.testng.SuiteRunnerWorker.run(SuiteRunnerWorker.java:86)
	at org.testng.TestNG.runSuitesSequentially(TestNG.java:1244)
	at org.testng.TestNG.runSuitesLocally(TestNG.java:1169)
	at org.testng.TestNG.run(TestNG.java:1064)
	at org.apache.maven.surefire.testng.TestNGExecutor.run(TestNGExecutor.java:132)
	at org.apache.maven.surefire.testng.TestNGDirectoryTestSuite.executeMulti(TestNGDirectoryTestSuite.java:224)
	at org.apache.maven.surefire.testng.TestNGDirectoryTestSuite.execute(TestNGDirectoryTestSuite.java:113)
	at org.apache.maven.surefire.testng.TestNGProvider.invoke(TestNGProvider.java:146)
	at org.apache.maven.surefire.booter.ForkedBooter.invokeProviderInSameClassLoader(ForkedBooter.java:286)
	at org.apache.maven.surefire.booter.ForkedBooter.runSuitesInProcess(ForkedBooter.java:240)
	at org.apache.maven.surefire.booter.ForkedBooter.main(ForkedBooter.java:121)
</pre></div></td>
<td>0</td>
<td>xcal.cs.math.AdditionTest@7096b474</td></tr>
<tr>
<td title='xcal.cs.math.DivisionTest.testSuccess()'><b>testSuccess</b><br>Test class: xcal.cs.math.DivisionTest<br>Parameters: 1, 1, 1</td>
<td><div><pre>java.lang.AssertionError: expected [1] but found [0]
	at xcal.cs.math.DivisionTest.testSuccess(DivisionTest.java:22)
... Removed 34 stack frames</pre></div><a href='#' onClick='toggleBox("stack-trace988690806", this, "Click to show all stack frames", "Click to hide stack frames")'>Click to show all stack frames</a>
<div class='stack-trace' id='stack-trace988690806'><pre>java.lang.AssertionError: expected [1] but found [0]
	at org.testng.Assert.fail(Assert.java:94)
	at org.testng.Assert.failNotEquals(Assert.java:513)
	at org.testng.Assert.assertEqualsImpl(Assert.java:135)
	at org.testng.Assert.assertEquals(Assert.java:116)
	at org.testng.Assert.assertEquals(Assert.java:389)
	at org.testng.Assert.assertEquals(Assert.java:399)
	at xcal.cs.math.DivisionTest.testSuccess(DivisionTest.java:22)
	at sun.reflect.NativeMethodAccessorImpl.invoke0(Native Method)
	at sun.reflect.NativeMethodAccessorImpl.invoke(NativeMethodAccessorImpl.java:62)
	at sun.reflect.DelegatingMethodAccessorImpl.invoke(DelegatingMethodAccessorImpl.java:43)
	at java.lang.reflect.Method.invoke(Method.java:498)
	at org.testng.internal.MethodInvocationHelper.invokeMethod(MethodInvocationHelper.java:86)
	at org.testng.internal.Invoker.invokeMethod(Invoker.java:643)
	at org.testng.internal.Invoker.invokeTestMethod(Invoker.java:820)
	at org.testng.internal.Invoker.invokeTestMethods(Invoker.java:1128)
	at org.testng.internal.TestMethodWorker.invokeTestMethods(TestMethodWorker.java:129)
	at org.testng.internal.TestMethodWorker.run(TestMethodWorker.java:112)
	at org.testng.TestRunner.privateRun(TestRunner.java:782)
	at org.testng.TestRunner.run(TestRunner.java:632)
	at org.testng.SuiteRunner.runTest(SuiteRunner.java:366)
	at org.testng.SuiteRunner.runSequentially(SuiteRunner.java:361)
	at org.testng.SuiteRunner.privateRun(SuiteRunner.java:319)
	at org.testng.SuiteRunner.run(SuiteRunner.java:268)
	at org.testng.SuiteRunnerWorker.runSuite(SuiteRunnerWorker.java:52)
	at org.testng.SuiteRunnerWorker.run(SuiteRunnerWorker.java:86)
	at org.testng.TestNG.runSuitesSequentially(TestNG.java:1244)
	at org.testng.TestNG.runSuitesLocally(TestNG.java:1169)
	at org.testng.TestNG.run(TestNG.java:1064)
	at org.apache.maven.surefire.testng.TestNGExecutor.run(TestNGExecutor.java:132)
	at org.apache.maven.surefire.testng.TestNGDirectoryTestSuite.executeMulti(TestNGDirectoryTestSuite.java:224)
	at org.apache.maven.surefire.testng.TestNGDirectoryTestSuite.execute(TestNGDirectoryTestSuite.java:113)
	at org.apache.maven.surefire.testng.TestNGProvider.invoke(TestNGProvider.java:146)
	at org.apache.maven.surefire.booter.ForkedBooter.invokeProviderInSameClassLoader(ForkedBooter.java:286)
	at org.apache.maven.surefire.booter.ForkedBooter.runSuitesInProcess(ForkedBooter.java:240)
	at org.apache.maven.surefire.booter.ForkedBooter.main(ForkedBooter.java:121)
</pre></div></td>
<td>0</td>
<td>xcal.cs.math.DivisionTest@784b990c</td></tr>
<tr>
<td title='xcal.cs.math.DivisionTest.testSuccess()'><b>testSuccess</b><br>Test class: xcal.cs.math.DivisionTest<br>Parameters: 4, 2, 2</td>
<td><div><pre>java.lang.AssertionError: expected [2] but found [0]
	at xcal.cs.math.DivisionTest.testSuccess(DivisionTest.java:22)
... Removed 34 stack frames</pre></div><a href='#' onClick='toggleBox("stack-trace667890001", this, "Click to show all stack frames", "Click to hide stack frames")'>Click to show all stack frames</a>
<div class='stack-trace' id='stack-trace667890001'><pre>java.lang.AssertionError: expected [2] but found [0]
	at org.testng.Assert.fail(Assert.java:94)
	at org.testng.Assert.failNotEquals(Assert.java:513)
	at org.testng.Assert.assertEqualsImpl(Assert.java:135)
	at org.testng.Assert.assertEquals(Assert.java:116)
	at org.testng.Assert.assertEquals(Assert.java:389)
	at org.testng.Assert.assertEquals(Assert.java:399)
	at xcal.cs.math.DivisionTest.testSuccess(DivisionTest.java:22)
	at sun.reflect.NativeMethodAccessorImpl.invoke0(Native Method)
	at sun.reflect.NativeMethodAccessorImpl.invoke(NativeMethodAccessorImpl.java:62)
	at sun.reflect.DelegatingMethodAccessorImpl.invoke(DelegatingMethodAccessorImpl.java:43)
	at java.lang.reflect.Method.invoke(Method.java:498)
	at org.testng.internal.MethodInvocationHelper.invokeMethod(MethodInvocationHelper.java:86)
	at org.testng.internal.Invoker.invokeMethod(Invoker.java:643)
	at org.testng.internal.Invoker.invokeTestMethod(Invoker.java:820)
	at org.testng.internal.Invoker.invokeTestMethods(Invoker.java:1128)
	at org.testng.internal.TestMethodWorker.invokeTestMethods(TestMethodWorker.java:129)
	at org.testng.internal.TestMethodWorker.run(TestMethodWorker.java:112)
	at org.testng.TestRunner.privateRun(TestRunner.java:782)
	at org.testng.TestRunner.run(TestRunner.java:632)
	at org.testng.SuiteRunner.runTest(SuiteRunner.java:366)
	at org.testng.SuiteRunner.runSequentially(SuiteRunner.java:361)
	at org.testng.SuiteRunner.privateRun(SuiteRunner.java:319)
	at org.testng.SuiteRunner.run(SuiteRunner.java:268)
	at org.testng.SuiteRunnerWorker.runSuite(SuiteRunnerWorker.java:52)
	at org.testng.SuiteRunnerWorker.run(SuiteRunnerWorker.java:86)
	at org.testng.TestNG.runSuitesSequentially(TestNG.java:1244)
	at org.testng.TestNG.runSuitesLocally(TestNG.java:1169)
	at org.testng.TestNG.run(TestNG.java:1064)
	at org.apache.maven.surefire.testng.TestNGExecutor.run(TestNGExecutor.java:132)
	at org.apache.maven.surefire.testng.TestNGDirectoryTestSuite.executeMulti(TestNGDirectoryTestSuite.java:224)
	at org.apache.maven.surefire.testng.TestNGDirectoryTestSuite.execute(TestNGDirectoryTestSuite.java:113)
	at org.apache.maven.surefire.testng.TestNGProvider.invoke(TestNGProvider.java:146)
	at org.apache.maven.surefire.booter.ForkedBooter.invokeProviderInSameClassLoader(ForkedBooter.java:286)
	at org.apache.maven.surefire.booter.ForkedBooter.runSuitesInProcess(ForkedBooter.java:240)
	at org.apache.maven.surefire.booter.ForkedBooter.main(ForkedBooter.java:121)
</pre></div></td>
<td>0</td>
<td>xcal.cs.math.DivisionTest@784b990c</td></tr>
<tr>
<td title='xcal.cs.math.DivisionTest.testSuccess()'><b>testSuccess</b><br>Test class: xcal.cs.math.DivisionTest<br>Parameters: 4, 3, 1</td>
<td><div><pre>java.lang.AssertionError: expected [1] but found [0]
	at xcal.cs.math.DivisionTest.testSuccess(DivisionTest.java:22)
... Removed 34 stack frames</pre></div><a href='#' onClick='toggleBox("stack-trace1494277749", this, "Click to show all stack frames", "Click to hide stack frames")'>Click to show all stack frames</a>
<div class='stack-trace' id='stack-trace1494277749'><pre>java.lang.AssertionError: expected [1] but found [0]
	at org.testng.Assert.fail(Assert.java:94)
	at org.testng.Assert.failNotEquals(Assert.java:513)
	at org.testng.Assert.assertEqualsImpl(Assert.java:135)
	at org.testng.Assert.assertEquals(Assert.java:116)
	at org.testng.Assert.assertEquals(Assert.java:389)
	at org.testng.Assert.assertEquals(Assert.java:399)
	at xcal.cs.math.DivisionTest.testSuccess(DivisionTest.java:22)
	at sun.reflect.NativeMethodAccessorImpl.invoke0(Native Method)
	at sun.reflect.NativeMethodAccessorImpl.invoke(NativeMethodAccessorImpl.java:62)
	at sun.reflect.DelegatingMethodAccessorImpl.invoke(DelegatingMethodAccessorImpl.java:43)
	at java.lang.reflect.Method.invoke(Method.java:498)
	at org.testng.internal.MethodInvocationHelper.invokeMethod(MethodInvocationHelper.java:86)
	at org.testng.internal.Invoker.invokeMethod(Invoker.java:643)
	at org.testng.internal.Invoker.invokeTestMethod(Invoker.java:820)
	at org.testng.internal.Invoker.invokeTestMethods(Invoker.java:1128)
	at org.testng.internal.TestMethodWorker.invokeTestMethods(TestMethodWorker.java:129)
	at org.testng.internal.TestMethodWorker.run(TestMethodWorker.java:112)
	at org.testng.TestRunner.privateRun(TestRunner.java:782)
	at org.testng.TestRunner.run(TestRunner.java:632)
	at org.testng.SuiteRunner.runTest(SuiteRunner.java:366)
	at org.testng.SuiteRunner.runSequentially(SuiteRunner.java:361)
	at org.testng.SuiteRunner.privateRun(SuiteRunner.java:319)
	at org.testng.SuiteRunner.run(SuiteRunner.java:268)
	at org.testng.SuiteRunnerWorker.runSuite(SuiteRunnerWorker.java:52)
	at org.testng.SuiteRunnerWorker.run(SuiteRunnerWorker.java:86)
	at org.testng.TestNG.runSuitesSequentially(TestNG.java:1244)
	at org.testng.TestNG.runSuitesLocally(TestNG.java:1169)
	at org.testng.TestNG.run(TestNG.java:1064)
	at org.apache.maven.surefire.testng.TestNGExecutor.run(TestNGExecutor.java:132)
	at org.apache.maven.surefire.testng.TestNGDirectoryTestSuite.executeMulti(TestNGDirectoryTestSuite.java:224)
	at org.apache.maven.surefire.testng.TestNGDirectoryTestSuite.execute(TestNGDirectoryTestSuite.java:113)
	at org.apache.maven.surefire.testng.TestNGProvider.invoke(TestNGProvider.java:146)
	at org.apache.maven.surefire.booter.ForkedBooter.invokeProviderInSameClassLoader(ForkedBooter.java:286)
	at org.apache.maven.surefire.booter.ForkedBooter.runSuitesInProcess(ForkedBooter.java:240)
	at org.apache.maven.surefire.booter.ForkedBooter.main(ForkedBooter.java:121)
</pre></div></td>
<td>0</td>
<td>xcal.cs.math.DivisionTest@784b990c</td></tr>
<tr>
<td title='xcal.cs.math.DivisionTest.testSuccess()'><b>testSuccess</b><br>Test class: xcal.cs.math.DivisionTest<br>Parameters: 4, 4, 1</td>
<td><div><pre>java.lang.AssertionError: expected [1] but found [0]
	at xcal.cs.math.DivisionTest.testSuccess(DivisionTest.java:22)
... Removed 34 stack frames</pre></div><a href='#' onClick='toggleBox("stack-trace521342639", this, "Click to show all stack frames", "Click to hide stack frames")'>Click to show all stack frames</a>
<div class='stack-trace' id='stack-trace521342639'><pre>java.lang.AssertionError: expected [1] but found [0]
	at org.testng.Assert.fail(Assert.java:94)
	at org.testng.Assert.failNotEquals(Assert.java:513)
	at org.testng.Assert.assertEqualsImpl(Assert.java:135)
	at org.testng.Assert.assertEquals(Assert.java:116)
	at org.testng.Assert.assertEquals(Assert.java:389)
	at org.testng.Assert.assertEquals(Assert.java:399)
	at xcal.cs.math.DivisionTest.testSuccess(DivisionTest.java:22)
	at sun.reflect.NativeMethodAccessorImpl.invoke0(Native Method)
	at sun.reflect.NativeMethodAccessorImpl.invoke(NativeMethodAccessorImpl.java:62)
	at sun.reflect.DelegatingMethodAccessorImpl.invoke(DelegatingMethodAccessorImpl.java:43)
	at java.lang.reflect.Method.invoke(Method.java:498)
	at org.testng.internal.MethodInvocationHelper.invokeMethod(MethodInvocationHelper.java:86)
	at org.testng.internal.Invoker.invokeMethod(Invoker.java:643)
	at org.testng.internal.Invoker.invokeTestMethod(Invoker.java:820)
	at org.testng.internal.Invoker.invokeTestMethods(Invoker.java:1128)
	at org.testng.internal.TestMethodWorker.invokeTestMethods(TestMethodWorker.java:129)
	at org.testng.internal.TestMethodWorker.run(TestMethodWorker.java:112)
	at org.testng.TestRunner.privateRun(TestRunner.java:782)
	at org.testng.TestRunner.run(TestRunner.java:632)
	at org.testng.SuiteRunner.runTest(SuiteRunner.java:366)
	at org.testng.SuiteRunner.runSequentially(SuiteRunner.java:361)
	at org.testng.SuiteRunner.privateRun(SuiteRunner.java:319)
	at org.testng.SuiteRunner.run(SuiteRunner.java:268)
	at org.testng.SuiteRunnerWorker.runSuite(SuiteRunnerWorker.java:52)
	at org.testng.SuiteRunnerWorker.run(SuiteRunnerWorker.java:86)
	at org.testng.TestNG.runSuitesSequentially(TestNG.java:1244)
	at org.testng.TestNG.runSuitesLocally(TestNG.java:1169)
	at org.testng.TestNG.run(TestNG.java:1064)
	at org.apache.maven.surefire.testng.TestNGExecutor.run(TestNGExecutor.java:132)
	at org.apache.maven.surefire.testng.TestNGDirectoryTestSuite.executeMulti(TestNGDirectoryTestSuite.java:224)
	at org.apache.maven.surefire.testng.TestNGDirectoryTestSuite.execute(TestNGDirectoryTestSuite.java:113)
	at org.apache.maven.surefire.testng.TestNGProvider.invoke(TestNGProvider.java:146)
	at org.apache.maven.surefire.booter.ForkedBooter.invokeProviderInSameClassLoader(ForkedBooter.java:286)
	at org.apache.maven.surefire.booter.ForkedBooter.runSuitesInProcess(ForkedBooter.java:240)
	at org.apache.maven.surefire.booter.ForkedBooter.main(ForkedBooter.java:121)
</pre></div></td>
<td>0</td>
<td>xcal.cs.math.DivisionTest@784b990c</td></tr>
<tr>
<td title='xcal.cs.math.DivisionTest.testSuccess()'><b>testSuccess</b><br>Test class: xcal.cs.math.DivisionTest<br>Parameters: 9, 4, 2</td>
<td><div><pre>java.lang.AssertionError: expected [2] but found [0]
	at xcal.cs.math.DivisionTest.testSuccess(DivisionTest.java:22)
... Removed 34 stack frames</pre></div><a href='#' onClick='toggleBox("stack-trace557197074", this, "Click to show all stack frames", "Click to hide stack frames")'>Click to show all stack frames</a>
<div class='stack-trace' id='stack-trace557197074'><pre>java.lang.AssertionError: expected [2] but found [0]
	at org.testng.Assert.fail(Assert.java:94)
	at org.testng.Assert.failNotEquals(Assert.java:513)
	at org.testng.Assert.assertEqualsImpl(Assert.java:135)
	at org.testng.Assert.assertEquals(Assert.java:116)
	at org.testng.Assert.assertEquals(Assert.java:389)
	at org.testng.Assert.assertEquals(Assert.java:399)
	at xcal.cs.math.DivisionTest.testSuccess(DivisionTest.java:22)
	at sun.reflect.NativeMethodAccessorImpl.invoke0(Native Method)
	at sun.reflect.NativeMethodAccessorImpl.invoke(NativeMethodAccessorImpl.java:62)
	at sun.reflect.DelegatingMethodAccessorImpl.invoke(DelegatingMethodAccessorImpl.java:43)
	at java.lang.reflect.Method.invoke(Method.java:498)
	at org.testng.internal.MethodInvocationHelper.invokeMethod(MethodInvocationHelper.java:86)
	at org.testng.internal.Invoker.invokeMethod(Invoker.java:643)
	at org.testng.internal.Invoker.invokeTestMethod(Invoker.java:820)
	at org.testng.internal.Invoker.invokeTestMethods(Invoker.java:1128)
	at org.testng.internal.TestMethodWorker.invokeTestMethods(TestMethodWorker.java:129)
	at org.testng.internal.TestMethodWorker.run(TestMethodWorker.java:112)
	at org.testng.TestRunner.privateRun(TestRunner.java:782)
	at org.testng.TestRunner.run(TestRunner.java:632)
	at org.testng.SuiteRunner.runTest(SuiteRunner.java:366)
	at org.testng.SuiteRunner.runSequentially(SuiteRunner.java:361)
	at org.testng.SuiteRunner.privateRun(SuiteRunner.java:319)
	at org.testng.SuiteRunner.run(SuiteRunner.java:268)
	at org.testng.SuiteRunnerWorker.runSuite(SuiteRunnerWorker.java:52)
	at org.testng.SuiteRunnerWorker.run(SuiteRunnerWorker.java:86)
	at org.testng.TestNG.runSuitesSequentially(TestNG.java:1244)
	at org.testng.TestNG.runSuitesLocally(TestNG.java:1169)
	at org.testng.TestNG.run(TestNG.java:1064)
	at org.apache.maven.surefire.testng.TestNGExecutor.run(TestNGExecutor.java:132)
	at org.apache.maven.surefire.testng.TestNGDirectoryTestSuite.executeMulti(TestNGDirectoryTestSuite.java:224)
	at org.apache.maven.surefire.testng.TestNGDirectoryTestSuite.execute(TestNGDirectoryTestSuite.java:113)
	at org.apache.maven.surefire.testng.TestNGProvider.invoke(TestNGProvider.java:146)
	at org.apache.maven.surefire.booter.ForkedBooter.invokeProviderInSameClassLoader(ForkedBooter.java:286)
	at org.apache.maven.surefire.booter.ForkedBooter.runSuitesInProcess(ForkedBooter.java:240)
	at org.apache.maven.surefire.booter.ForkedBooter.main(ForkedBooter.java:121)
</pre></div></td>
<td>0</td>
<td>xcal.cs.math.DivisionTest@784b990c</td></tr>
<tr>
<td title='xcal.cs.math.DivisionTest.testSuccess()'><b>testSuccess</b><br>Test class: xcal.cs.math.DivisionTest<br>Parameters: -10, 5, -2</td>
<td><div><pre>java.lang.AssertionError: expected [-2] but found [0]
	at xcal.cs.math.DivisionTest.testSuccess(DivisionTest.java:22)
... Removed 34 stack frames</pre></div><a href='#' onClick='toggleBox("stack-trace458998685", this, "Click to show all stack frames", "Click to hide stack frames")'>Click to show all stack frames</a>
<div class='stack-trace' id='stack-trace458998685'><pre>java.lang.AssertionError: expected [-2] but found [0]
	at org.testng.Assert.fail(Assert.java:94)
	at org.testng.Assert.failNotEquals(Assert.java:513)
	at org.testng.Assert.assertEqualsImpl(Assert.java:135)
	at org.testng.Assert.assertEquals(Assert.java:116)
	at org.testng.Assert.assertEquals(Assert.java:389)
	at org.testng.Assert.assertEquals(Assert.java:399)
	at xcal.cs.math.DivisionTest.testSuccess(DivisionTest.java:22)
	at sun.reflect.NativeMethodAccessorImpl.invoke0(Native Method)
	at sun.reflect.NativeMethodAccessorImpl.invoke(NativeMethodAccessorImpl.java:62)
	at sun.reflect.DelegatingMethodAccessorImpl.invoke(DelegatingMethodAccessorImpl.java:43)
	at java.lang.reflect.Method.invoke(Method.java:498)
	at org.testng.internal.MethodInvocationHelper.invokeMethod(MethodInvocationHelper.java:86)
	at org.testng.internal.Invoker.invokeMethod(Invoker.java:643)
	at org.testng.internal.Invoker.invokeTestMethod(Invoker.java:820)
	at org.testng.internal.Invoker.invokeTestMethods(Invoker.java:1128)
	at org.testng.internal.TestMethodWorker.invokeTestMethods(TestMethodWorker.java:129)
	at org.testng.internal.TestMethodWorker.run(TestMethodWorker.java:112)
	at org.testng.TestRunner.privateRun(TestRunner.java:782)
	at org.testng.TestRunner.run(TestRunner.java:632)
	at org.testng.SuiteRunner.runTest(SuiteRunner.java:366)
	at org.testng.SuiteRunner.runSequentially(SuiteRunner.java:361)
	at org.testng.SuiteRunner.privateRun(SuiteRunner.java:319)
	at org.testng.SuiteRunner.run(SuiteRunner.java:268)
	at org.testng.SuiteRunnerWorker.runSuite(SuiteRunnerWorker.java:52)
	at org.testng.SuiteRunnerWorker.run(SuiteRunnerWorker.java:86)
	at org.testng.TestNG.runSuitesSequentially(TestNG.java:1244)
	at org.testng.TestNG.runSuitesLocally(TestNG.java:1169)
	at org.testng.TestNG.run(TestNG.java:1064)
	at org.apache.maven.surefire.testng.TestNGExecutor.run(TestNGExecutor.java:132)
	at org.apache.maven.surefire.testng.TestNGDirectoryTestSuite.executeMulti(TestNGDirectoryTestSuite.java:224)
	at org.apache.maven.surefire.testng.TestNGDirectoryTestSuite.execute(TestNGDirectoryTestSuite.java:113)
	at org.apache.maven.surefire.testng.TestNGProvider.invoke(TestNGProvider.java:146)
	at org.apache.maven.surefire.booter.ForkedBooter.invokeProviderInSameClassLoader(ForkedBooter.java:286)
	at org.apache.maven.surefire.booter.ForkedBooter.runSuitesInProcess(ForkedBooter.java:240)
	at org.apache.maven.surefire.booter.ForkedBooter.main(ForkedBooter.java:121)
</pre></div></td>
<td>0</td>
<td>xcal.cs.math.DivisionTest@784b990c</td></tr>
<tr>
<td title='xcal.cs.math.DivisionTest.testSuccess()'><b>testSuccess</b><br>Test class: xcal.cs.math.DivisionTest<br>Parameters: 10, -4, -2</td>
<td><div><pre>java.lang.AssertionError: expected [-2] but found [0]
	at xcal.cs.math.DivisionTest.testSuccess(DivisionTest.java:22)
... Removed 34 stack frames</pre></div><a href='#' onClick='toggleBox("stack-trace345290829", this, "Click to show all stack frames", "Click to hide stack frames")'>Click to show all stack frames</a>
<div class='stack-trace' id='stack-trace345290829'><pre>java.lang.AssertionError: expected [-2] but found [0]
	at org.testng.Assert.fail(Assert.java:94)
	at org.testng.Assert.failNotEquals(Assert.java:513)
	at org.testng.Assert.assertEqualsImpl(Assert.java:135)
	at org.testng.Assert.assertEquals(Assert.java:116)
	at org.testng.Assert.assertEquals(Assert.java:389)
	at org.testng.Assert.assertEquals(Assert.java:399)
	at xcal.cs.math.DivisionTest.testSuccess(DivisionTest.java:22)
	at sun.reflect.NativeMethodAccessorImpl.invoke0(Native Method)
	at sun.reflect.NativeMethodAccessorImpl.invoke(NativeMethodAccessorImpl.java:62)
	at sun.reflect.DelegatingMethodAccessorImpl.invoke(DelegatingMethodAccessorImpl.java:43)
	at java.lang.reflect.Method.invoke(Method.java:498)
	at org.testng.internal.MethodInvocationHelper.invokeMethod(MethodInvocationHelper.java:86)
	at org.testng.internal.Invoker.invokeMethod(Invoker.java:643)
	at org.testng.internal.Invoker.invokeTestMethod(Invoker.java:820)
	at org.testng.internal.Invoker.invokeTestMethods(Invoker.java:1128)
	at org.testng.internal.TestMethodWorker.invokeTestMethods(TestMethodWorker.java:129)
	at org.testng.internal.TestMethodWorker.run(TestMethodWorker.java:112)
	at org.testng.TestRunner.privateRun(TestRunner.java:782)
	at org.testng.TestRunner.run(TestRunner.java:632)
	at org.testng.SuiteRunner.runTest(SuiteRunner.java:366)
	at org.testng.SuiteRunner.runSequentially(SuiteRunner.java:361)
	at org.testng.SuiteRunner.privateRun(SuiteRunner.java:319)
	at org.testng.SuiteRunner.run(SuiteRunner.java:268)
	at org.testng.SuiteRunnerWorker.runSuite(SuiteRunnerWorker.java:52)
	at org.testng.SuiteRunnerWorker.run(SuiteRunnerWorker.java:86)
	at org.testng.TestNG.runSuitesSequentially(TestNG.java:1244)
	at org.testng.TestNG.runSuitesLocally(TestNG.java:1169)
	at org.testng.TestNG.run(TestNG.java:1064)
	at org.apache.maven.surefire.testng.TestNGExecutor.run(TestNGExecutor.java:132)
	at org.apache.maven.surefire.testng.TestNGDirectoryTestSuite.executeMulti(TestNGDirectoryTestSuite.java:224)
	at org.apache.maven.surefire.testng.TestNGDirectoryTestSuite.execute(TestNGDirectoryTestSuite.java:113)
	at org.apache.maven.surefire.testng.TestNGProvider.invoke(TestNGProvider.java:146)
	at org.apache.maven.surefire.booter.ForkedBooter.invokeProviderInSameClassLoader(ForkedBooter.java:286)
	at org.apache.maven.surefire.booter.ForkedBooter.runSuitesInProcess(ForkedBooter.java:240)
	at org.apache.maven.surefire.booter.ForkedBooter.main(ForkedBooter.java:121)
</pre></div></td>
<td>0</td>
<td>xcal.cs.math.DivisionTest@784b990c</td></tr>
<tr>
<td title='xcal.cs.math.DivisionTest.testSuccess()'><b>testSuccess</b><br>Test class: xcal.cs.math.DivisionTest<br>Parameters: -10, -3, 3</td>
<td><div><pre>java.lang.AssertionError: expected [3] but found [0]
	at xcal.cs.math.DivisionTest.testSuccess(DivisionTest.java:22)
... Removed 34 stack frames</pre></div><a href='#' onClick='toggleBox("stack-trace1906947271", this, "Click to show all stack frames", "Click to hide stack frames")'>Click to show all stack frames</a>
<div class='stack-trace' id='stack-trace1906947271'><pre>java.lang.AssertionError: expected [3] but found [0]
	at org.testng.Assert.fail(Assert.java:94)
	at org.testng.Assert.failNotEquals(Assert.java:513)
	at org.testng.Assert.assertEqualsImpl(Assert.java:135)
	at org.testng.Assert.assertEquals(Assert.java:116)
	at org.testng.Assert.assertEquals(Assert.java:389)
	at org.testng.Assert.assertEquals(Assert.java:399)
	at xcal.cs.math.DivisionTest.testSuccess(DivisionTest.java:22)
	at sun.reflect.NativeMethodAccessorImpl.invoke0(Native Method)
	at sun.reflect.NativeMethodAccessorImpl.invoke(NativeMethodAccessorImpl.java:62)
	at sun.reflect.DelegatingMethodAccessorImpl.invoke(DelegatingMethodAccessorImpl.java:43)
	at java.lang.reflect.Method.invoke(Method.java:498)
	at org.testng.internal.MethodInvocationHelper.invokeMethod(MethodInvocationHelper.java:86)
	at org.testng.internal.Invoker.invokeMethod(Invoker.java:643)
	at org.testng.internal.Invoker.invokeTestMethod(Invoker.java:820)
	at org.testng.internal.Invoker.invokeTestMethods(Invoker.java:1128)
	at org.testng.internal.TestMethodWorker.invokeTestMethods(TestMethodWorker.java:129)
	at org.testng.internal.TestMethodWorker.run(TestMethodWorker.java:112)
	at org.testng.TestRunner.privateRun(TestRunner.java:782)
	at org.testng.TestRunner.run(TestRunner.java:632)
	at org.testng.SuiteRunner.runTest(SuiteRunner.java:366)
	at org.testng.SuiteRunner.runSequentially(SuiteRunner.java:361)
	at org.testng.SuiteRunner.privateRun(SuiteRunner.java:319)
	at org.testng.SuiteRunner.run(SuiteRunner.java:268)
	at org.testng.SuiteRunnerWorker.runSuite(SuiteRunnerWorker.java:52)
	at org.testng.SuiteRunnerWorker.run(SuiteRunnerWorker.java:86)
	at org.testng.TestNG.runSuitesSequentially(TestNG.java:1244)
	at org.testng.TestNG.runSuitesLocally(TestNG.java:1169)
	at org.testng.TestNG.run(TestNG.java:1064)
	at org.apache.maven.surefire.testng.TestNGExecutor.run(TestNGExecutor.java:132)
	at org.apache.maven.surefire.testng.TestNGDirectoryTestSuite.executeMulti(TestNGDirectoryTestSuite.java:224)
	at org.apache.maven.surefire.testng.TestNGDirectoryTestSuite.execute(TestNGDirectoryTestSuite.java:113)
	at org.apache.maven.surefire.testng.TestNGProvider.invoke(TestNGProvider.java:146)
	at org.apache.maven.surefire.booter.ForkedBooter.invokeProviderInSameClassLoader(ForkedBooter.java:286)
	at org.apache.maven.surefire.booter.ForkedBooter.runSuitesInProcess(ForkedBooter.java:240)
	at org.apache.maven.surefire.booter.ForkedBooter.main(ForkedBooter.java:121)
</pre></div></td>
<td>0</td>
<td>xcal.cs.math.DivisionTest@784b990c</td></tr>
</table><p>
<table width='100%' border='1' class='invocation-passed'>
<tr><td colspan='4' align='center'><b>PASSED TESTS</b></td></tr>
<tr><td><b>Test method</b></td>
<td width="30%"><b>Exception</b></td>
<td width="10%"><b>Time (seconds)</b></td>
<td><b>Instance</b></td>
</tr>
<tr>
<td title='xcal.cs.math.DivisionTest.testDivideByZero()'><b>testDivideByZero</b><br>Test class: xcal.cs.math.DivisionTest<br>Parameters: 1, 0</td>
<td></td>
<td>0</td>
<td>xcal.cs.math.DivisionTest@784b990c</td></tr>
<tr>
<td title='xcal.cs.math.DivisionTest.testDivideByZero()'><b>testDivideByZero</b><br>Test class: xcal.cs.math.DivisionTest<br>Parameters: -1, 0</td>
<td></td>
<td>0</td>
<td>xcal.cs.math.DivisionTest@784b990c</td></tr>
<tr>
<td title='xcal.cs.math.DivisionTest.testDivideByZero()'><b>testDivideByZero</b><br>Test class: xcal.cs.math.DivisionTest<br>Parameters: 0, 0</td>
<td></td>
<td>0</td>
<td>xcal.cs.math.DivisionTest@784b990c</td></tr>
<tr>
<td title='xcal.cs.math.DivisionTest.testDivideByZero()'><b>testDivideByZero</b><br>Test class: xcal.cs.math.DivisionTest<br>Parameters: 2147483647, 0</td>
<td></td>
<td>0</td>
<td>xcal.cs.math.DivisionTest@784b990c</td></tr>
<tr>
<td title='xcal.cs.math.UnionTest.testFailure()'><b>testFailure</b><br>Test class: xcal.cs.math.UnionTest<br>Parameters: null, [1]</td>
<td></td>
<td>0</td>
<td>xcal.cs.math.UnionTest@1951b871</td></tr>
<tr>
<td title='xcal.cs.math.UnionTest.testFailure()'><b>testFailure</b><br>Test class: xcal.cs.math.UnionTest<br>Parameters: [12], null</td>
<td></td>
<td>0</td>
<td>xcal.cs.math.UnionTest@1951b871</td></tr>
<tr>
<td title='xcal.cs.math.IntersectTest.testFailure()'><b>testFailure</b><br>Test class: xcal.cs.math.IntersectTest<br>Parameters: null, [1]</td>
<td></td>
<td>0</td>
<td>xcal.cs.math.IntersectTest@3d3ba765</td></tr>
<tr>
<td title='xcal.cs.math.IntersectTest.testFailure()'><b>testFailure</b><br>Test class: xcal.cs.math.IntersectTest<br>Parameters: [12], null</td>
<td></td>
<td>0</td>
<td>xcal.cs.math.IntersectTest@3d3ba765</td></tr>
<tr>
<td title='xcal.cs.math.MaxTest.testFailure()'><b>testFailure</b><br>Test class: xcal.cs.math.MaxTest<br>Parameters: null</td>
<td></td>
<td>1</td>
<td>xcal.cs.math.MaxTest@25bc0606</td></tr>
<tr>
<td title='xcal.cs.math.MaxTest.testFailure()'><b>testFailure</b><br>Test class: xcal.cs.math.MaxTest<br>Parameters: []</td>
<td></td>
<td>0</td>
<td>xcal.cs.math.MaxTest@25bc0606</td></tr>
<tr>
<td title='xcal.cs.math.MinTest.testFailure()'><b>testFailure</b><br>Test class: xcal.cs.math.MinTest<br>Parameters: null</td>
<td></td>
<td>0</td>
<td>xcal.cs.math.MinTest@5d1659ea</td></tr>
<tr>
<td title='xcal.cs.math.MinTest.testFailure()'><b>testFailure</b><br>Test class: xcal.cs.math.MinTest<br>Parameters: []</td>
<td></td>
<td>0</td>
<td>xcal.cs.math.MinTest@5d1659ea</td></tr>
<tr>
<td title='xcal.cs.math.AdditionTest.testSuccess()'><b>testSuccess</b><br>Test class: xcal.cs.math.AdditionTest<br>Parameters: 1, 1, 2</td>
<td></td>
<td>0</td>
<td>xcal.cs.math.AdditionTest@7096b474</td></tr>
<tr>
<td title='xcal.cs.math.AdditionTest.testSuccess()'><b>testSuccess</b><br>Test class: xcal.cs.math.AdditionTest<br>Parameters: 2, 4, 6</td>
<td></td>
<td>0</td>
<td>xcal.cs.math.AdditionTest@7096b474</td></tr>
<tr>
<td title='xcal.cs.math.AdditionTest.testSuccess()'><b>testSuccess</b><br>Test class: xcal.cs.math.AdditionTest<br>Parameters: 0, 0, 0</td>
<td></td>
<td>0</td>
<td>xcal.cs.math.AdditionTest@7096b474</td></tr>
<tr>
<td title='xcal.cs.math.AdditionTest.testSuccess()'><b>testSuccess</b><br>Test class: xcal.cs.math.AdditionTest<br>Parameters: 0, 1, 1</td>
<td></td>
<td>0</td>
<td>xcal.cs.math.AdditionTest@7096b474</td></tr>
<tr>
<td title='xcal.cs.math.AdditionTest.testSuccess()'><b>testSuccess</b><br>Test class: xcal.cs.math.AdditionTest<br>Parameters: 8, 0, 8</td>
<td></td>
<td>0</td>
<td>xcal.cs.math.AdditionTest@7096b474</td></tr>
<tr>
<td title='xcal.cs.math.AdditionTest.testSuccess()'><b>testSuccess</b><br>Test class: xcal.cs.math.AdditionTest<br>Parameters: 2, -2, 0</td>
<td></td>
<td>0</td>
<td>xcal.cs.math.AdditionTest@7096b474</td></tr>
<tr>
<td title='xcal.cs.math.AdditionTest.testSuccess()'><b>testSuccess</b><br>Test class: xcal.cs.math.AdditionTest<br>Parameters: 4, -6, -2</td>
<td></td>
<td>0</td>
<td>xcal.cs.math.AdditionTest@7096b474</td></tr>
<tr>
<td title='xcal.cs.math.AdditionTest.testSuccess()'><b>testSuccess</b><br>Test class: xcal.cs.math.AdditionTest<br>Parameters: -2, 5, 3</td>
<td></td>
<td>0</td>
<td>xcal.cs.math.AdditionTest@7096b474</td></tr>
<tr>
<td title='xcal.cs.math.AdditionTest.testSuccess()'><b>testSuccess</b><br>Test class: xcal.cs.math.AdditionTest<br>Parameters: 2147483647, -1, 2147483646</td>
<td></td>
<td>0</td>
<td>xcal.cs.math.AdditionTest@7096b474</td></tr>
<tr>
<td title='xcal.cs.math.AdditionTest.testSuccess()'><b>testSuccess</b><br>Test class: xcal.cs.math.AdditionTest<br>Parameters: -2147483648, 1, -2147483647</td>
<td></td>
<td>0</td>
<td>xcal.cs.math.AdditionTest@7096b474</td></tr>
<tr>
<td title='xcal.cs.math.UnionTest.testSuccess()'><b>testSuccess</b><br>Test class: xcal.cs.math.UnionTest<br>Parameters: [1, 2, 3], [2, 3, 4], [1, 2, 3, 4]</td>
<td></td>
<td>2</td>
<td>xcal.cs.math.UnionTest@1951b871</td></tr>
<tr>
<td title='xcal.cs.math.UnionTest.testSuccess()'><b>testSuccess</b><br>Test class: xcal.cs.math.UnionTest<br>Parameters: [1], [2, 3], [1, 2, 3]</td>
<td></td>
<td>0</td>
<td>xcal.cs.math.UnionTest@1951b871</td></tr>
<tr>
<td title='xcal.cs.math.UnionTest.testSuccess()'><b>testSuccess</b><br>Test class: xcal.cs.math.UnionTest<br>Parameters: [], [2, 3], [2, 3]</td>
<td></td>
<td>0</td>
<td>xcal.cs.math.UnionTest@1951b871</td></tr>
<tr>
<td title='xcal.cs.math.UnionTest.testSuccess()'><b>testSuccess</b><br>Test class: xcal.cs.math.UnionTest<br>Parameters: [2, 3], [], [2, 3]</td>
<td></td>
<td>0</td>
<td>xcal.cs.math.UnionTest@1951b871</td></tr>
<tr>
<td title='xcal.cs.math.UnionTest.testSuccess()'><b>testSuccess</b><br>Test class: xcal.cs.math.UnionTest<br>Parameters: [-2, -3], [2, 3], [-2, -3, 2, 3]</td>
<td></td>
<td>0</td>
<td>xcal.cs.math.UnionTest@1951b871</td></tr>
<tr>
<td title='xcal.cs.math.DivisionTest.testSuccess()'><b>testSuccess</b><br>Test class: xcal.cs.math.DivisionTest<br>Parameters: 0, 5, 0</td>
<td></td>
<td>0</td>
<td>xcal.cs.math.DivisionTest@784b990c</td></tr>
<tr>
<td title='xcal.cs.math.IntersectTest.testSuccess()'><b>testSuccess</b><br>Test class: xcal.cs.math.IntersectTest<br>Parameters: [1, 2, 3], [2, 3, 4], [2, 3]</td>
<td></td>
<td>0</td>
<td>xcal.cs.math.IntersectTest@3d3ba765</td></tr>
<tr>
<td title='xcal.cs.math.IntersectTest.testSuccess()'><b>testSuccess</b><br>Test class: xcal.cs.math.IntersectTest<br>Parameters: [1], [2, 3], []</td>
<td></td>
<td>0</td>
<td>xcal.cs.math.IntersectTest@3d3ba765</td></tr>
<tr>
<td title='xcal.cs.math.IntersectTest.testSuccess()'><b>testSuccess</b><br>Test class: xcal.cs.math.IntersectTest<br>Parameters: [], [2, 3], []</td>
<td></td>
<td>0</td>
<td>xcal.cs.math.IntersectTest@3d3ba765</td></tr>
<tr>
<td title='xcal.cs.math.IntersectTest.testSuccess()'><b>testSuccess</b><br>Test class: xcal.cs.math.IntersectTest<br>Parameters: [-2, -3], [2, 3], []</td>
<td></td>
<td>0</td>
<td>xcal.cs.math.IntersectTest@3d3ba765</td></tr>
<tr>
<td title='xcal.cs.math.MaxTest.testSuccess()'><b>testSuccess</b><br>Test class: xcal.cs.math.MaxTest<br>Parameters: [9, 12, 25, 3], 25</td>
<td></td>
<td>0</td>
<td>xcal.cs.math.MaxTest@25bc0606</td></tr>
<tr>
<td title='xcal.cs.math.MaxTest.testSuccess()'><b>testSuccess</b><br>Test class: xcal.cs.math.MaxTest<br>Parameters: [9, -12, 25, 3], 25</td>
<td></td>
<td>0</td>
<td>xcal.cs.math.MaxTest@25bc0606</td></tr>
<tr>
<td title='xcal.cs.math.MaxTest.testSuccess()'><b>testSuccess</b><br>Test class: xcal.cs.math.MaxTest<br>Parameters: [9, -12, 0, 3], 9</td>
<td></td>
<td>0</td>
<td>xcal.cs.math.MaxTest@25bc0606</td></tr>
<tr>
<td title='xcal.cs.math.MaxTest.testSuccess()'><b>testSuccess</b><br>Test class: xcal.cs.math.MaxTest<br>Parameters: [9, 9, 1, 3], 9</td>
<td></td>
<td>0</td>
<td>xcal.cs.math.MaxTest@25bc0606</td></tr>
<tr>
<td title='xcal.cs.math.MaxTest.testSuccess()'><b>testSuccess</b><br>Test class: xcal.cs.math.MaxTest<br>Parameters: [-9, -9, -1, -3], -1</td>
<td></td>
<td>0</td>
<td>xcal.cs.math.MaxTest@25bc0606</td></tr>
<tr>
<td title='xcal.cs.math.MinTest.testSuccess()'><b>testSuccess</b><br>Test class: xcal.cs.math.MinTest<br>Parameters: [9, 12, 25, 3], 3</td>
<td></td>
<td>0</td>
<td>xcal.cs.math.MinTest@5d1659ea</td></tr>
<tr>
<td title='xcal.cs.math.MinTest.testSuccess()'><b>testSuccess</b><br>Test class: xcal.cs.math.MinTest<br>Parameters: [9, -12, 25, 3], -12</td>
<td></td>
<td>0</td>
<td>xcal.cs.math.MinTest@5d1659ea</td></tr>
<tr>
<td title='xcal.cs.math.MinTest.testSuccess()'><b>testSuccess</b><br>Test class: xcal.cs.math.MinTest<br>Parameters: [9, -12, 0, 3], -12</td>
<td></td>
<td>0</td>
<td>xcal.cs.math.MinTest@5d1659ea</td></tr>
<tr>
<td title='xcal.cs.math.MinTest.testSuccess()'><b>testSuccess</b><br>Test class: xcal.cs.math.MinTest<br>Parameters: [9, 9, 1, 3], 1</td>
<td></td>
<td>0</td>
<td>xcal.cs.math.MinTest@5d1659ea</td></tr>
<tr>
<td title='xcal.cs.math.MultiplicationTest.testSuccess()'><b>testSuccess</b><br>Test class: xcal.cs.math.MultiplicationTest<br>Parameters: 1, 1, 1</td>
<td></td>
<td>0</td>
<td>xcal.cs.math.MultiplicationTest@793138bd</td></tr>
<tr>
<td title='xcal.cs.math.MultiplicationTest.testSuccess()'><b>testSuccess</b><br>Test class: xcal.cs.math.MultiplicationTest<br>Parameters: 2, 4, 8</td>
<td></td>
<td>0</td>
<td>xcal.cs.math.MultiplicationTest@793138bd</td></tr>
<tr>
<td title='xcal.cs.math.MultiplicationTest.testSuccess()'><b>testSuccess</b><br>Test class: xcal.cs.math.MultiplicationTest<br>Parameters: 0, 0, 0</td>
<td></td>
<td>0</td>
<td>xcal.cs.math.MultiplicationTest@793138bd</td></tr>
<tr>
<td title='xcal.cs.math.MultiplicationTest.testSuccess()'><b>testSuccess</b><br>Test class: xcal.cs.math.MultiplicationTest<br>Parameters: 0, 1, 0</td>
<td></td>
<td>0</td>
<td>xcal.cs.math.MultiplicationTest@793138bd</td></tr>
<tr>
<td title='xcal.cs.math.MultiplicationTest.testSuccess()'><b>testSuccess</b><br>Test class: xcal.cs.math.MultiplicationTest<br>Parameters: 8, 0, 0</td>
<td></td>
<td>0</td>
<td>xcal.cs.math.MultiplicationTest@793138bd</td></tr>
<tr>
<td title='xcal.cs.math.MultiplicationTest.testSuccess()'><b>testSuccess</b><br>Test class: xcal.cs.math.MultiplicationTest<br>Parameters: 8, 1, 8</td>
<td></td>
<td>0</td>
<td>xcal.cs.math.MultiplicationTest@793138bd</td></tr>
<tr>
<td title='xcal.cs.math.MultiplicationTest.testSuccess()'><b>testSuccess</b><br>Test class: xcal.cs.math.MultiplicationTest<br>Parameters: 1, 8, 8</td>
<td></td>
<td>0</td>
<td>xcal.cs.math.MultiplicationTest@793138bd</td></tr>
<tr>
<td title='xcal.cs.math.MultiplicationTest.testSuccess()'><b>testSuccess</b><br>Test class: xcal.cs.math.MultiplicationTest<br>Parameters: 2, -2, -4</td>
<td></td>
<td>0</td>
<td>xcal.cs.math.MultiplicationTest@793138bd</td></tr>
<tr>
<td title='xcal.cs.math.MultiplicationTest.testSuccess()'><b>testSuccess</b><br>Test class: xcal.cs.math.MultiplicationTest<br>Parameters: -2, 5, -10</td>
<td></td>
<td>0</td>
<td>xcal.cs.math.MultiplicationTest@793138bd</td></tr>
<tr>
<td title='xcal.cs.math.MultiplicationTest.testSuccess()'><b>testSuccess</b><br>Test class: xcal.cs.math.MultiplicationTest<br>Parameters: -2, -1, 2</td>
<td></td>
<td>0</td>
<td>xcal.cs.math.MultiplicationTest@793138bd</td></tr>
</table><p>
</body>
</html>